<?xml version='1.0' encoding='UTF-8' standalone='yes'?>
<TrustServiceStatusList xmlns="http://uri.etsi.org/02231/v2#" xmlns:ns2="http://www.w3.org/2000/09/xmldsig#" xmlns:ns3="http://uri.etsi.org/01903/v1.3.2#" xmlns:ns4="http://uri.etsi.org/02231/v2/additionaltypes#" xmlns:ns5="http://uri.etsi.org/TrstSvc/SvcInfoExt/eSigDir-1999-93-EC-TrustedList/#" xmlns:ns6="http://uri.etsi.org/01903/v1.4.1#" TSLTag="https://uri.etsi.org/19612/TSLTag/">
    <TrustServiceProviderList>
        <TrustServiceProvider>
            <TSPInformation>
                <TSPName>
                    <Name xml:lang="en">Sunet Root CA</Name>
                </TSPName>
                <TSPAddress>
                    <PostalAddresses>
                        <PostalAddress xml:lang="en">
                            <StreetAddress>1 Test Street</StreetAddress>
                            <Locality>Stockholm</Locality>
                            <CountryName>SE</CountryName>
                        </PostalAddress>
                    </PostalAddresses>
                </TSPAddress>
            </TSPInformation>
            <TSPServices>
                <TSPService>
                    <ServiceInformation>
                        <ServiceTypeIdentifier>http://uri.etsi.org/TrstSvc/Svctype/CA/QC</ServiceTypeIdentifier>
                        <ServiceName>
                            <Name xml:lang="en">Sunet Root Certification Authority</Name>
                        </ServiceName>
                        <ServiceDigitalIdentity>
                            <DigitalId>
                                <X509Certificate>
MIIDoTCCAomgAwIBAgIUBZhyzznE716BGU+M90OlqkFM6uwwDQYJKoZIhvcNAQELBQAwWDELMAkGA1UEBhMCU0UxEjAQBgNVBAgMCVN0b2NraG9sbTEOMAwGA1UECgwFU3VuZXQxDTALBgNVBAsMBFJvb3QxFjAUBgNVBAMMDVN1bmV0IFJvb3QgQ0EwHhcNMjUwNjI2MDgzODE1WhcNMzUwNjI0MDgzODE1WjBYMQswCQYDVQQGEwJTRTESMBAGA1UECAwJU3RvY2tob2xtMQ4wDAYDVQQKDAVTdW5ldDENMAsGA1UECwwEUm9vdDEWMBQGA1UEAwwNU3VuZXQgUm9vdCBDQTCCASIwDQYJKoZIhvcNAQEBBQADggEPADCCAQoCggEBAKopSb8pP2wSLnkJbgoE4TMqUg9tTJOelN+NeC9dOgxZULc25KrT/zk2pRE+tN1jyun//Cyli7PDjbbN40g6MKMbrvusI18mkW8+X2eumZez2ylVL3gxVW6W1n4MDkKTi5koYf/CHdulzZJqFsC2ImcfI2KPTrUUhg1hBJw6/0DYmxwyywBGLQfvO/Y2Hml1WZT6D2SXMdYdANsUOtv8F8jHiI2Dm90VmPuTc6T7FKdLnzOGry1bzTyv6UmWjsq4hlYcl8lzR9ZUtu3FIyOjvLlwFnWCKV2X5wiECLZfyIe69M7BTWsrFGcxTzdV1HeAYPf67VxKllE79UPbcHPfIPkCAwEAAaNjMGEwDwYDVR0TAQH/BAUwAwEB/zAOBgNVHQ8BAf8EBAMCAQYwHQYDVR0OBBYEFFn61hNKdpuZ1rkD4YQop03miMdYMB8GA1UdIwQYMBaAFFn61hNKdpuZ1rkD4YQop03miMdYMA0GCSqGSIb3DQEBCwUAA4IBAQAs9pfVYv0UpERlkWwh1gyiaJ7wa6scd8fF2lEhf8ePDmdYLHttN6fri9EmbIwJor8JUhSNiINgq2xL0PuDu1RGQhhrDIFjvPtLQCEOKg19NKoJQP7ihcn0y9UKagsprHbDhem4BjRM8qJSFVysI94XESXW8baYebQqyScWCEY5eNd5Jl0Zmda/czQURWqplCnRVzHi9xTK5pWjIMJ1EMI7xVjkxqo01N1p/kA971GuetLlZzqgvgMOT2GWlaqYj6FmxEdJOLnUInxnx0weidjquGVyeprsjKdt/FMkLqxnQX/kwOiPDU3nBuOq/4l4PWMMMKPTXzjQvbptzllTW+3C
                                </X509Certificate>
                            </DigitalId>
                            <DigitalId><X509SubjectName>C=SE, ST=Stockholm, O=Sunet, OU=Root, CN=Sunet Root CA</X509SubjectName>
                            </DigitalId>
                            <DigitalId>
                                <X509SKI>WfrWE0p2m5nWuQPhhCinTeaIx1g=</X509SKI>
                            </DigitalId>
                        </ServiceDigitalIdentity>
                        <ServiceStatus>https://uri.etsi.org/TrstSvc/TrustedList/Svcstatus/granted/</ServiceStatus>
                        <StatusStartingTime>2025-01-01T00:00:00Z</StatusStartingTime>
                    </ServiceInformation>
                </TSPService>
            </TSPServices>
        </TrustServiceProvider>
    </TrustServiceProviderList>
<ns2:Signature><ds:SignedInfo xmlns:ds="http://www.w3.org/2000/09/xmldsig#"><ds:CanonicalizationMethod Algorithm="http://www.w3.org/2001/10/xml-exc-c14n#"/><ds:SignatureMethod Algorithm="http://www.w3.org/2001/04/xmldsig-more#rsa-sha256"/><ds:Reference URI=""><ds:Transforms><ds:Transform Algorithm="http://www.w3.org/2000/09/xmldsig#enveloped-signature"/><ds:Transform Algorithm="http://www.w3.org/2001/10/xml-exc-c14n#"/></ds:Transforms><ds:DigestMethod Algorithm="http://www.w3.org/2001/04/xmlenc#sha256"/><ds:DigestValue>XgQj+bxXwCH8UIXO4ZskwCxQEyOMCt9syCJvSc1ptb4=</ds:DigestValue></ds:Reference></ds:SignedInfo><ns2:SignatureValue>wB6TUJwvoLYL8YmaLh7aH3JIX4hvziNbxLBppUWzQVRajrvOAN6XKt2ws1gAZjD6pN3I7nKpN6gp5ujhNV8sfH36haPn6iBnA2J+t+iq4eQ5Y3X4VRFb/zEpZPPBgE4B7nQerUkH4Gped8Poqv0CyLeD7R8BQ9gosidBIY7LI1S4JOm4WORthoIXChs61Q+9E+JuGYNfEPHHda3UDdBhrW6x3KrBPs2Mwx1ELbF7I55azBBRnfNg8gnF+PtVwgrKde4VGF/cQb+rfX2jXjum2wVbL5f5fzvdOfytvfs3EE1sFEHRra5YIEEEaBabr6a46/adDfo0fkXGkvQtADoJOA==</ns2:SignatureValue><ns2:KeyInfo><ns2:X509Data><ns2:X509Certificate>MIIDJjCCAg6gAwIBAgIUDvUNT9X75Afg2Blk8tWDXFt/geMwDQYJKoZIhvcNAQEL
BQAwGDEWMBQGA1UEAwwNdGVzdC5zdW5ldC5zZTAeFw0yNTA3MDIxMzM5MzJaFw0y
NjA3MDIxMzM5MzJaMBgxFjAUBgNVBAMMDXRlc3Quc3VuZXQuc2UwggEiMA0GCSqG
SIb3DQEBAQUAA4IBDwAwggEKAoIBAQDF8lNj5QMSJp1jY3p2OAKgVG6/xxNqlSr3
0lZ/mbJ3NmKnIJO8JFJOJnehmPiaAwerPjK6jXDr7ocecrJRWymoq9B61tKA2ZvL
ix9RpPPgqwt3sE/8rH6OhFKNi3fGSe3pf2STBQxui7QTFaDm67LKgfxySa5jh779
pXKVMRxgubp1Mi68Jtsy2xuzmCT6ZIecDAj9jNaX18bDjXSn7I0EhwzWLwAE7LJH
TPKx2gfbS7BvhjFvoSzyQxJDXdA0klSr4/W79I75ruBhYBCHJLns4eUn1xAodnrs
fbNTdij7ddAI/v/UnlN55Iai53r/s/tpoDSf9DyzM6i7FDaagcH5AgMBAAGjaDBm
MBgGA1UdEQQRMA+CDXRlc3Quc3VuZXQuc2UwCQYDVR0TBAIwADALBgNVHQ8EBAMC
B4AwEwYDVR0lBAwwCgYIKwYBBQUHAwMwHQYDVR0OBBYEFPaCV12CA7GUQcJaSDtf
5pH+gzPzMA0GCSqGSIb3DQEBCwUAA4IBAQCMcmgmHEde/1G/u2d51bPVymVMqIV5
/J9wqx8qZlrBAjjIrUIyJwFabGj3a1uSmgSd7ujse+/+OEjFup5tQJFav6WlCtEo
+8wI0jWpd0lAfJD9Oq8CMwcco/EPMN8G3boCs8CwmV/8qgJlDOBaSfW0ftqMeYjY
SUe8QqMzsrPTao1qB09rwBDa02wL7hI/K0HAiJ1eoMXs8J4te8/KsJ7gjeo9lrvX
wASGhVy6aoufYd93dA4fSPf7hq2Akbh7n4VZKmn2JTgJYYOFglWb3sFV4lgB1HQe
OxnmjZKHeJvXRodWQKtauePYAxZjxg9Vs6mry7qrx9x/MusOlzFeSYJi
</ns2:X509Certificate></ns2:X509Data></ns2:KeyInfo></ns2:Signature></TrustServiceStatusList>
